
INFO: Installed Plesk version/build: 18.0.30 CentOS 7 1800200930.13...

INFO: STEP 0: Detect system configuration...
INFO: OS: \S
Kernel \r on an \m
INFO: Arch: x86_64

INFO: Validating the database password...
INFO: Result: OK

INFO: Pre-Upgrade analyzer version: 18.0.31.0...

INFO: STEP 1: Checking for main IP address...
INFO: Result: OK

INFO: STEP 2: Checking existence of Plesk user "root" for MySQL database servers...
INFO: Result: OK

INFO: STEP 3: Checking proftpd settings...
INFO: Result: OK

INFO: STEP 4: Checking the 'Interval' parameter in the sw-collectd configuration file...
INFO: Result: OK

INFO: STEP 5: Checking Apache status...
INFO: Result: OK

INFO: STEP 6: Checking for a password in my.cnf files...
INFO: Result: OK

INFO: STEP 7: Checking Panel files for the immutable bit attribute...
INFO: Result: OK

INFO: STEP 8: Checking the possibility to change the owner of files in the DUMP_D directory...
INFO: Result: OK

INFO: STEP 9: Checking consistency of the IP addresses list in the Panel database...
INFO: Result: OK

INFO: STEP 10: Checking installed APS applications...
INFO: Result: OK

INFO: STEP 11: Checking if apsc database tables have InnoDB engine...
INFO: Result: OK

INFO: STEP 12: Checking for custom web server configuration templates...
INFO: Result: OK

INFO: STEP 13: Checking for domains with mixed case names...
INFO: Result: OK

INFO: STEP 14: Detecting if encrypted passwords are used...
INFO: Result: OK

INFO: STEP 15: Checking table "servers" in database "mysql"...
INFO: The administrator's password for the default MySQL server is encrypted.
INFO: Result: OK

INFO: STEP 16: Checking the availability of Plesk Panel TCP ports...
INFO: Result: OK

INFO: STEP 17: Checking for RPM packages duplicates...

INFO: STEP 18: Checking for Protected Directory Users with duplicates in login field....

INFO: STEP 19: Checking "domains" table with duplicates in guid field....

INFO: STEP 20: Checking "clients" table with duplicates in guid field....
